
> vibe-generated-app@1.0.0 dev
> vite


  VITE v5.4.20  ready in 290 ms

  ➜  Local:   http://localhost:3000/
  ➜  Network: http://172.20.11.26:3000/
11:26:50 PM [vite] Pre-transform error: Transform failed with 1 error:
/home/workspace/src/components/Hero.jsx:51:78: ERROR: Expected identifier but found "7"
11:26:50 PM [vite] Internal server error: Transform failed with 1 error:
/home/workspace/src/components/Hero.jsx:51:78: ERROR: Expected identifier but found "7"
  Plugin: vite:esbuild
  File: /home/workspace/src/components/Hero.jsx:51:78
  
  Expected identifier but found "7"
  49 |                  <div className="rounded-lg bg-gray-50 p-4">
  50 |                    <p className="font-semibold text-gray-900">COF/Hold seguro</p>
  51 |                    <p className="mt-1 text-gray-600">COF ≥ 7 días · Hold < 7 días. Void al asistir, capture solo si no-show.</p>
     |                                                                                ^
  52 |                  </div>
  53 |                  <div className="rounded-lg bg-gray-50 p-4">
  
      at failureErrorWithLog (/home/workspace/node_modules/esbuild/lib/main.js:1472:15)
      at /home/workspace/node_modules/esbuild/lib/main.js:755:50
      at responseCallbacks.<computed> (/home/workspace/node_modules/esbuild/lib/main.js:622:9)
      at handleIncomingPacket (/home/workspace/node_modules/esbuild/lib/main.js:677:12)
      at Socket.readFromStdout (/home/workspace/node_modules/esbuild/lib/main.js:600:7)
      at Socket.emit (node:events:508:28)
      at addChunk (node:internal/streams/readable:559:12)
      at readableAddChunkPushByteMode (node:internal/streams/readable:510:3)
      at Readable.push (node:internal/streams/readable:390:5)
      at Pipe.onStreamRead (node:internal/stream_base_commons:189:23)
11:26:51 PM [vite] ✨ new dependencies optimized: lucide-react
11:26:51 PM [vite] ✨ optimized dependencies changed. reloading
11:26:51 PM [vite] Pre-transform error: Transform failed with 1 error:
/home/workspace/src/components/Hero.jsx:51:78: ERROR: Expected identifier but found "7"
11:26:51 PM [vite] Internal server error: Transform failed with 1 error:
/home/workspace/src/components/Hero.jsx:51:78: ERROR: Expected identifier but found "7"
  Plugin: vite:esbuild
  File: /home/workspace/src/components/Hero.jsx:51:78
  
  Expected identifier but found "7"
  49 |                  <div className="rounded-lg bg-gray-50 p-4">
  50 |                    <p className="font-semibold text-gray-900">COF/Hold seguro</p>
  51 |                    <p className="mt-1 text-gray-600">COF ≥ 7 días · Hold < 7 días. Void al asistir, capture solo si no-show.</p>
     |                                                                                ^
  52 |                  </div>
  53 |                  <div className="rounded-lg bg-gray-50 p-4">
  
      at failureErrorWithLog (/home/workspace/node_modules/esbuild/lib/main.js:1472:15)
      at /home/workspace/node_modules/esbuild/lib/main.js:755:50
      at responseCallbacks.<computed> (/home/workspace/node_modules/esbuild/lib/main.js:622:9)
      at handleIncomingPacket (/home/workspace/node_modules/esbuild/lib/main.js:677:12)
      at Socket.readFromStdout (/home/workspace/node_modules/esbuild/lib/main.js:600:7)
      at Socket.emit (node:events:508:28)
      at addChunk (node:internal/streams/readable:559:12)
      at readableAddChunkPushByteMode (node:internal/streams/readable:510:3)
      at Readable.push (node:internal/streams/readable:390:5)
      at Pipe.onStreamRead (node:internal/stream_base_commons:189:23)
11:27:41 PM [vite] Internal server error: Transform failed with 1 error:
/home/workspace/src/components/Hero.jsx:51:78: ERROR: Expected identifier but found "7"
  Plugin: vite:esbuild
  File: /home/workspace/src/components/Hero.jsx:51:78
  
  Expected identifier but found "7"
  49 |                  <div className="rounded-lg bg-gray-50 p-4">
  50 |                    <p className="font-semibold text-gray-900">COF/Hold seguro</p>
  51 |                    <p className="mt-1 text-gray-600">COF ≥ 7 días · Hold < 7 días. Void al asistir, capture solo si no-show.</p>
     |                                                                                ^
  52 |                  </div>
  53 |                  <div className="rounded-lg bg-gray-50 p-4">
  
      at failureErrorWithLog (/home/workspace/node_modules/esbuild/lib/main.js:1472:15)
      at /home/workspace/node_modules/esbuild/lib/main.js:755:50
      at responseCallbacks.<computed> (/home/workspace/node_modules/esbuild/lib/main.js:622:9)
      at handleIncomingPacket (/home/workspace/node_modules/esbuild/lib/main.js:677:12)
      at Socket.readFromStdout (/home/workspace/node_modules/esbuild/lib/main.js:600:7)
      at Socket.emit (node:events:508:28)
      at addChunk (node:internal/streams/readable:559:12)
      at readableAddChunkPushByteMode (node:internal/streams/readable:510:3)
      at Readable.push (node:internal/streams/readable:390:5)
      at Pipe.onStreamRead (node:internal/stream_base_commons:189:23)
